<?xml version="1.0" encoding="UTF-8"?>
<!-- Generated by org.testng.reporters.JUnitReportReporter -->
<testsuite skipped="0" hostname="User-PC" name="SDETAutomation.WebTableRowsNCols" tests="1" failures="0" timestamp="21 May 2020 05:58:11 GMT" time="12.373" errors="0">
  <testcase name="sortDrpDown" time="12.373" classname="SDETAutomation.WebTableRowsNCols"/>
</testsuite> <!-- SDETAutomation.WebTableRowsNCols -->
