<?xml version="1.0" encoding="UTF-8"?>
<!-- Generated by org.testng.reporters.JUnitReportReporter -->
<testsuite skipped="0" hostname="User-PC" name="DemoQAPractice.SortDropDownJquery" tests="1" failures="0" timestamp="19 Jun 2020 12:16:10 GMT" time="13.382" errors="0">
  <testcase name="sortDropDown" time="13.382" classname="DemoQAPractice.SortDropDownJquery"/>
</testsuite> <!-- DemoQAPractice.SortDropDownJquery -->
