<?xml version="1.0" encoding="UTF-8"?>
<!-- Generated by org.testng.reporters.JUnitReportReporter -->
<testsuite skipped="0" hostname="User-PC" name="SDETAutomation.BrokenLinks" tests="1" failures="0" timestamp="04 May 2021 06:26:17 GMT" time="160.423" errors="0">
  <testcase name="getLinks" time="160.423" classname="SDETAutomation.BrokenLinks"/>
</testsuite> <!-- SDETAutomation.BrokenLinks -->
