<?xml version="1.0" encoding="UTF-8"?>
<!-- Generated by org.testng.reporters.JUnitReportReporter -->
<testsuite skipped="0" hostname="User-PC" name="NaveenAutomation.FileUploadPopUp" tests="1" failures="0" timestamp="17 Mar 2020 06:03:00 GMT" time="10.485" errors="0">
  <testcase name="handleFileUpload" time="10.485" classname="NaveenAutomation.FileUploadPopUp"/>
</testsuite> <!-- NaveenAutomation.FileUploadPopUp -->
