<?xml version="1.0" encoding="UTF-8"?>
<!-- Generated by org.testng.reporters.JUnitReportReporter -->
<testsuite skipped="0" hostname="User-PC" name="NaveenAutomation.DragAndDrop" tests="1" failures="0" timestamp="17 Mar 2020 09:25:55 GMT" time="16.380" errors="0">
  <testcase name="handleFileUpload" time="16.380" classname="NaveenAutomation.DragAndDrop"/>
</testsuite> <!-- NaveenAutomation.DragAndDrop -->
