<?xml version="1.0" encoding="UTF-8"?>
<!-- Generated by org.testng.reporters.JUnitReportReporter -->
<testsuite skipped="0" hostname="User-PC" name="NaveenAutomation.AlertPopUp" tests="1" failures="0" timestamp="17 Mar 2020 04:51:32 GMT" time="16.155" errors="0">
  <testcase name="handleAlert" time="16.155" classname="NaveenAutomation.AlertPopUp"/>
</testsuite> <!-- NaveenAutomation.AlertPopUp -->
