<?xml version="1.0" encoding="UTF-8"?>
<!-- Generated by org.testng.reporters.JUnitReportReporter -->
<testsuite skipped="0" hostname="User-PC" name="SDETAutomation.WebTablePagination" tests="1" failures="0" timestamp="22 May 2020 07:08:50 GMT" time="18.542" errors="0">
  <testcase name="paginationExample" time="18.542" classname="SDETAutomation.WebTablePagination"/>
</testsuite> <!-- SDETAutomation.WebTablePagination -->
