<?xml version="1.0" encoding="UTF-8"?>
<!-- Generated by org.testng.reporters.JUnitReportReporter -->
<testsuite skipped="0" hostname="User-PC" name="Tests.FreeCRMHomePageTest" tests="3" failures="0" timestamp="30 Jun 2020 11:15:39 GMT" time="4.910" errors="0">
  <testcase name="validateHomePageTitleTest" time="0.021" classname="Tests.FreeCRMHomePageTest"/>
  <testcase name="validateUserLoggedInTest" time="4.477" classname="Tests.FreeCRMHomePageTest"/>
  <testcase name="clickOnContactsLinkTest" time="0.412" classname="Tests.FreeCRMHomePageTest"/>
</testsuite> <!-- Tests.FreeCRMHomePageTest -->
