<?xml version="1.0" encoding="UTF-8"?>
<!-- Generated by org.testng.reporters.JUnitReportReporter -->
<testsuite skipped="0" hostname="User-PC" name="AutomationPractice.DragNDropExample" tests="1" failures="0" timestamp="25 Apr 2020 13:46:02 GMT" time="16.897" errors="0">
  <testcase name="dragNDrop" time="16.897" classname="AutomationPractice.DragNDropExample"/>
</testsuite> <!-- AutomationPractice.DragNDropExample -->
