<?xml version="1.0" encoding="UTF-8"?>
<!-- Generated by org.testng.reporters.JUnitReportReporter -->
<testsuite skipped="0" hostname="User-PC" name="LetsCodeITPractice.WindowPopupExample" tests="1" failures="0" timestamp="13 Apr 2020 05:31:08 GMT" time="25.641" errors="0">
  <testcase name="windowPopup" time="25.641" classname="LetsCodeITPractice.WindowPopupExample"/>
</testsuite> <!-- LetsCodeITPractice.WindowPopupExample -->
