<?xml version="1.0" encoding="UTF-8"?>
<!-- Generated by org.testng.reporters.JUnitReportReporter -->
<testsuite skipped="0" hostname="User-PC" name="TestNGFramework.MultipleBrowser" tests="2" failures="0" timestamp="14 May 2020 04:56:12 GMT" time="14.123" errors="0">
  <testcase name="test1" time="10.174" classname="TestNGFramework.MultipleBrowser"/>
  <testcase name="test1" time="3.949" classname="TestNGFramework.MultipleBrowser"/>
</testsuite> <!-- TestNGFramework.MultipleBrowser -->
