<?xml version="1.0" encoding="UTF-8"?>
<!-- Generated by org.testng.reporters.JUnitReportReporter -->
<testsuite skipped="0" hostname="User-PC" name="Tests.OrangeHRMLoginPageTest" tests="2" failures="0" timestamp="29 Mar 2020 13:04:51 GMT" time="2.602" errors="0">
  <testcase name="loginPageTest" time="0.019" classname="Tests.OrangeHRMLoginPageTest"/>
  <testcase name="verifyLogin" time="2.583" classname="Tests.OrangeHRMLoginPageTest"/>
</testsuite> <!-- Tests.OrangeHRMLoginPageTest -->
