<?xml version="1.0" encoding="UTF-8"?>
<!-- Generated by org.testng.reporters.JUnitReportReporter -->
<testsuite skipped="0" hostname="User-PC" name="AutomationPractice.GoogleScreenshot" tests="1" failures="0" timestamp="25 Apr 2020 13:54:37 GMT" time="14.481" errors="0">
  <testcase name="takeScreenshot" time="14.481" classname="AutomationPractice.GoogleScreenshot"/>
</testsuite> <!-- AutomationPractice.GoogleScreenshot -->
