<?xml version="1.0" encoding="UTF-8"?>
<!-- Generated by org.testng.reporters.JUnitReportReporter -->
<testsuite skipped="0" hostname="User-PC" name="PracticeSession.AlertRediffMail" tests="1" failures="0" timestamp="17 Aug 2020 13:04:28 GMT" time="9.198" errors="0">
  <testcase name="alertExample" time="9.198" classname="PracticeSession.AlertRediffMail"/>
</testsuite> <!-- PracticeSession.AlertRediffMail -->
