<?xml version="1.0" encoding="UTF-8"?>
<!-- Generated by org.testng.reporters.JUnitReportReporter -->
<testsuite skipped="0" hostname="User-PC" name="SDETAutomation.OrangeHRMWebTable" tests="1" failures="0" timestamp="24 Apr 2020 06:33:47 GMT" time="23.019" errors="0">
  <testcase name="handleWebTable" time="23.019" classname="SDETAutomation.OrangeHRMWebTable"/>
</testsuite> <!-- SDETAutomation.OrangeHRMWebTable -->
