<?xml version="1.0" encoding="UTF-8"?>
<!-- Generated by org.testng.reporters.JUnitReportReporter -->
<testsuite skipped="0" hostname="User-PC" name="NaveenAutomation.DynamicWebTableDemoSite" tests="1" failures="0" timestamp="27 Mar 2020 06:04:11 GMT" time="14.454" errors="0">
  <testcase name="handleAlert" time="14.454" classname="NaveenAutomation.DynamicWebTableDemoSite"/>
</testsuite> <!-- NaveenAutomation.DynamicWebTableDemoSite -->
