<?xml version="1.0" encoding="UTF-8"?>
<!-- Generated by org.testng.reporters.JUnitReportReporter -->
<testsuite skipped="0" hostname="User-PC" name="SDETAutomation.SortingDropDown" tests="1" failures="0" timestamp="27 May 2020 11:44:48 GMT" time="12.044" errors="0">
  <testcase name="sortDrpDown" time="12.044" classname="SDETAutomation.SortingDropDown"/>
</testsuite> <!-- SDETAutomation.SortingDropDown -->
