<?xml version="1.0" encoding="UTF-8"?>
<!-- Generated by org.testng.reporters.JUnitReportReporter -->
<testsuite skipped="0" hostname="User-PC" name="NaveenAutomation.WebTableOrangeHRM" tests="1" failures="0" timestamp="29 Mar 2020 13:51:48 GMT" time="19.132" errors="0">
  <testcase name="handleWebtable" time="19.132" classname="NaveenAutomation.WebTableOrangeHRM"/>
</testsuite> <!-- NaveenAutomation.WebTableOrangeHRM -->
