<?xml version="1.0" encoding="UTF-8"?>
<!-- Generated by org.testng.reporters.JUnitReportReporter -->
<testsuite skipped="0" hostname="User-PC" name="NaveenAutomation.PaginationDataTables" tests="1" failures="0" timestamp="31 Mar 2020 06:22:00 GMT" time="12.893" errors="0">
  <testcase name="handleWebTable" time="12.893" classname="NaveenAutomation.PaginationDataTables"/>
</testsuite> <!-- NaveenAutomation.PaginationDataTables -->
