<?xml version="1.0" encoding="UTF-8"?>
<!-- Generated by org.testng.reporters.JUnitReportReporter -->
<testsuite skipped="0" hostname="User-PC" name="KeywordDrivenFramework.TutorialsPointExecution" tests="1" failures="0" timestamp="26 May 2020 06:19:34 GMT" time="101.194" errors="0">
  <testcase name="execute" time="101.194" classname="KeywordDrivenFramework.TutorialsPointExecution"/>
</testsuite> <!-- KeywordDrivenFramework.TutorialsPointExecution -->
