<?xml version="1.0" encoding="UTF-8"?>
<!-- Generated by org.testng.reporters.JUnitReportReporter -->
<testsuite skipped="0" hostname="User-PC" name="TestNGFramework.WriteExcel" tests="1" failures="0" timestamp="25 May 2020 12:41:45 GMT" time="1.000" errors="0">
  <testcase name="setExcel" time="1.000" classname="TestNGFramework.WriteExcel"/>
</testsuite> <!-- TestNGFramework.WriteExcel -->
