<?xml version="1.0" encoding="UTF-8"?>
<!-- Generated by org.testng.reporters.JUnitReportReporter -->
<testsuite skipped="0" hostname="User-PC" name="AutomationPractice.VerifyDropDownEle" tests="1" failures="0" timestamp="12 May 2020 09:22:11 GMT" time="33.127" errors="0">
  <testcase name="alertExample" time="33.127" classname="AutomationPractice.VerifyDropDownEle"/>
</testsuite> <!-- AutomationPractice.VerifyDropDownEle -->
