<?xml version="1.0" encoding="UTF-8"?>
<!-- Generated by org.testng.reporters.JUnitReportReporter -->
<testsuite skipped="0" hostname="User-PC" name="NaveenAutomation.WebTableExample" tests="1" failures="0" timestamp="17 Mar 2020 16:01:51 GMT" time="4.539" errors="0">
  <testcase name="handleWebTable" time="4.539" classname="NaveenAutomation.WebTableExample"/>
</testsuite> <!-- NaveenAutomation.WebTableExample -->
