<?xml version="1.0" encoding="UTF-8"?>
<!-- Generated by org.testng.reporters.JUnitReportReporter -->
<testsuite skipped="0" hostname="User-PC" name="AutomationPractice.OrangeHRMLoginRobot" tests="1" failures="0" timestamp="26 Apr 2020 04:46:13 GMT" time="9.712" errors="0">
  <testcase name="loginRobot" time="9.712" classname="AutomationPractice.OrangeHRMLoginRobot"/>
</testsuite> <!-- AutomationPractice.OrangeHRMLoginRobot -->
