<?xml version="1.0" encoding="UTF-8"?>
<!-- Generated by org.testng.reporters.JUnitReportReporter -->
<testsuite skipped="0" hostname="User-PC" name="NaveenAutomation.DemoSiteUKLogin" tests="1" failures="0" timestamp="11 Apr 2020 05:33:05 GMT" time="17.958" errors="0">
  <testcase name="handleAlert" time="17.958" classname="NaveenAutomation.DemoSiteUKLogin"/>
</testsuite> <!-- NaveenAutomation.DemoSiteUKLogin -->
