<?xml version="1.0" encoding="UTF-8"?>
<!-- Generated by org.testng.reporters.JUnitReportReporter -->
<testsuite skipped="0" hostname="User-PC" name="PracticeSession.ScreenshotGoogle" tests="1" failures="0" timestamp="18 Aug 2020 05:33:54 GMT" time="8.614" errors="0">
  <testcase name="screenshotExample" time="8.614" classname="PracticeSession.ScreenshotGoogle"/>
</testsuite> <!-- PracticeSession.ScreenshotGoogle -->
