<?xml version="1.0" encoding="UTF-8"?>
<!-- Generated by org.testng.reporters.JUnitReportReporter -->
<testsuite skipped="0" hostname="User-PC" name="Tests.TSRTCResultsPageTest" tests="1" failures="0" timestamp="03 Apr 2020 15:08:59 GMT" time="3.433" errors="0">
  <testcase name="validateResultsPage" time="3.433" classname="Tests.TSRTCResultsPageTest"/>
</testsuite> <!-- Tests.TSRTCResultsPageTest -->
