<?xml version="1.0" encoding="UTF-8"?>
<!-- Generated by org.testng.reporters.JUnitReportReporter -->
<testsuite skipped="0" hostname="User-PC" name="Tests.FreeCRMLoginPageTest" tests="3" failures="0" timestamp="30 Jun 2020 11:03:05 GMT" time="0.703" errors="0">
  <testcase name="validateLoginPageTitleTest" time="0.021" classname="Tests.FreeCRMLoginPageTest"/>
  <testcase name="validateLoginPageUrlTest" time="0.022" classname="Tests.FreeCRMLoginPageTest"/>
  <testcase name="loginTest" time="0.660" classname="Tests.FreeCRMLoginPageTest"/>
</testsuite> <!-- Tests.FreeCRMLoginPageTest -->
