<?xml version="1.0" encoding="UTF-8"?>
<!-- Generated by org.testng.reporters.JUnitReportReporter -->
<testsuite skipped="0" hostname="User-PC" name="DemoQAPractice.DatePickerExample" tests="1" failures="0" timestamp="06 Apr 2020 04:55:56 GMT" time="17.964" errors="0">
  <testcase name="executeWindowPopup" time="17.964" classname="DemoQAPractice.DatePickerExample"/>
</testsuite> <!-- DemoQAPractice.DatePickerExample -->
