<?xml version="1.0" encoding="UTF-8"?>
<!-- Generated by org.testng.reporters.JUnitReportReporter -->
<testsuite skipped="0" hostname="User-PC" name="Tests.TSRTCSearchPageTest" tests="1" failures="0" timestamp="03 Apr 2020 14:21:47 GMT" time="9.767" errors="0">
  <testcase name="validateSearchPage" time="9.767" classname="Tests.TSRTCSearchPageTest"/>
</testsuite> <!-- Tests.TSRTCSearchPageTest -->
