<?xml version="1.0" encoding="UTF-8"?>
<!-- Generated by org.testng.reporters.JUnitReportReporter -->
<testsuite skipped="0" hostname="User-PC" name="DemoQAPractice.WebTableRowsNCols" tests="1" failures="0" timestamp="14 Jun 2020 05:38:09 GMT" time="206.463" errors="0">
  <testcase name="webtableRowsColsCount" time="206.463" classname="DemoQAPractice.WebTableRowsNCols"/>
</testsuite> <!-- DemoQAPractice.WebTableRowsNCols -->
