<?xml version="1.0" encoding="UTF-8"?>
<!-- Generated by org.testng.reporters.JUnitReportReporter -->
<testsuite skipped="0" hostname="User-PC" name="DemoQAPractice.SeleniumEasyPagination" tests="1" failures="0" timestamp="14 Jun 2020 06:31:35 GMT" time="15.288" errors="0">
  <testcase name="WebTablePagination" time="15.288" classname="DemoQAPractice.SeleniumEasyPagination"/>
</testsuite> <!-- DemoQAPractice.SeleniumEasyPagination -->
