<?xml version="1.0" encoding="UTF-8"?>
<!-- Generated by org.testng.reporters.JUnitReportReporter -->
<testsuite skipped="0" hostname="User-PC" name="NaveenAutomation.WindowPopUpIterator" tests="1" failures="0" timestamp="17 Mar 2020 09:45:09 GMT" time="13.302" errors="0">
  <testcase name="handleFileUpload" time="13.302" classname="NaveenAutomation.WindowPopUpIterator"/>
</testsuite> <!-- NaveenAutomation.WindowPopUpIterator -->
