<?xml version="1.0" encoding="UTF-8"?>
<!-- Generated by org.testng.reporters.JUnitReportReporter -->
<testsuite skipped="0" hostname="User-PC" name="PracticeSession.WindowPopupForLoopLetsCode" tests="1" failures="0" timestamp="19 Aug 2020 03:55:55 GMT" time="22.595" errors="0">
  <testcase name="windowPopupForloopExample" time="22.595" classname="PracticeSession.WindowPopupForLoopLetsCode"/>
</testsuite> <!-- PracticeSession.WindowPopupForLoopLetsCode -->
