<?xml version="1.0" encoding="UTF-8"?>
<!-- Generated by org.testng.reporters.JUnitReportReporter -->
<testsuite skipped="0" hostname="User-PC" name="DemoQAPractice.OrangeHRMWebTable" tests="1" failures="0" timestamp="14 Jun 2020 06:09:41 GMT" time="26.529" errors="0">
  <testcase name="handleWebTable" time="26.529" classname="DemoQAPractice.OrangeHRMWebTable"/>
</testsuite> <!-- DemoQAPractice.OrangeHRMWebTable -->
