<?xml version="1.0" encoding="UTF-8"?>
<!-- Generated by org.testng.reporters.JUnitReportReporter -->
<testsuite skipped="0" hostname="User-PC" name="SDETAutomation.DynamicWebTableOrangeHRM" tests="1" failures="0" timestamp="21 May 2020 06:36:58 GMT" time="15.314" errors="0">
  <testcase name="dynamicWebTable" time="15.314" classname="SDETAutomation.DynamicWebTableOrangeHRM"/>
</testsuite> <!-- SDETAutomation.DynamicWebTableOrangeHRM -->
