<?xml version="1.0" encoding="UTF-8"?>
<!-- Generated by org.testng.reporters.JUnitReportReporter -->
<testsuite skipped="0" hostname="User-PC" name="DemoQAPractice.JqueryDataPicker" tests="1" failures="0" timestamp="19 Jun 2020 10:59:10 GMT" time="37.087" errors="0">
  <testcase name="datePicker" time="37.087" classname="DemoQAPractice.JqueryDataPicker"/>
</testsuite> <!-- DemoQAPractice.JqueryDataPicker -->
