<?xml version="1.0" encoding="UTF-8"?>
<!-- Generated by org.testng.reporters.JUnitReportReporter -->
<testsuite skipped="0" hostname="User-PC" name="NaveenAutomation.DatePickerJquery" tests="1" failures="0" timestamp="27 Mar 2020 14:40:52 GMT" time="13.923" errors="0">
  <testcase name="datepickerExample" time="13.923" classname="NaveenAutomation.DatePickerJquery"/>
</testsuite> <!-- NaveenAutomation.DatePickerJquery -->
