<?xml version="1.0" encoding="UTF-8"?>
<!-- Generated by org.testng.reporters.JUnitReportReporter -->
<testsuite skipped="0" hostname="User-PC" name="LetsCodeITPractice.MultipleSelectExample" tests="1" failures="0" timestamp="12 Apr 2020 15:09:39 GMT" time="22.530" errors="0">
  <testcase name="multipledropDown" time="22.530" classname="LetsCodeITPractice.MultipleSelectExample"/>
</testsuite> <!-- LetsCodeITPractice.MultipleSelectExample -->
