<?xml version="1.0" encoding="UTF-8"?>
<!-- Generated by org.testng.reporters.JUnitReportReporter -->
<testsuite skipped="0" hostname="User-PC" name="PracticeSession.WindowPopupIteratorLetsCode" tests="1" failures="0" timestamp="18 Aug 2020 12:07:03 GMT" time="36.482" errors="0">
  <testcase name="windowPopupIteratorExample" time="36.482" classname="PracticeSession.WindowPopupIteratorLetsCode"/>
</testsuite> <!-- PracticeSession.WindowPopupIteratorLetsCode -->
