<?xml version="1.0" encoding="UTF-8"?>
<!-- Generated by org.testng.reporters.JUnitReportReporter -->
<testsuite skipped="0" hostname="User-PC" name="DataDrivenFramework.DemoRegisterDD" tests="1" failures="0" timestamp="22 Jun 2020 09:38:25 GMT" time="16.641" errors="0">
  <testcase name="registerDD" time="16.641" classname="DataDrivenFramework.DemoRegisterDD"/>
</testsuite> <!-- DataDrivenFramework.DemoRegisterDD -->
