<?xml version="1.0" encoding="UTF-8"?>
<!-- Generated by org.testng.reporters.JUnitReportReporter -->
<testsuite skipped="0" hostname="User-PC" name="NaveenAutomation.DatePickerDemoAutomation" tests="1" failures="0" timestamp="30 Mar 2020 10:20:49 GMT" time="19.674" errors="0">
  <testcase name="handleWebTable" time="19.674" classname="NaveenAutomation.DatePickerDemoAutomation"/>
</testsuite> <!-- NaveenAutomation.DatePickerDemoAutomation -->
