<?xml version="1.0" encoding="UTF-8"?>
<!-- Generated by org.testng.reporters.JUnitReportReporter -->
<testsuite skipped="0" hostname="User-PC" name="NaveenAutomation.DatePickerToolsQA" tests="1" failures="0" timestamp="27 Mar 2020 14:33:34 GMT" time="25.763" errors="0">
  <testcase name="datepickerExample" time="25.763" classname="NaveenAutomation.DatePickerToolsQA"/>
</testsuite> <!-- NaveenAutomation.DatePickerToolsQA -->
