<?xml version="1.0" encoding="UTF-8"?>
<!-- Generated by org.testng.reporters.JUnitReportReporter -->
<testsuite skipped="0" hostname="User-PC" name="AutomationPractice.AlertExample" tests="1" failures="0" timestamp="25 Apr 2020 05:19:32 GMT" time="31.682" errors="0">
  <testcase name="sortDrpDown" time="31.682" classname="AutomationPractice.AlertExample"/>
</testsuite> <!-- AutomationPractice.AlertExample -->
