<?xml version="1.0" encoding="UTF-8"?>
<!-- Generated by org.testng.reporters.JUnitReportReporter -->
<testsuite skipped="0" hostname="User-PC" name="DataDrivenFramework.TutorialsPointDD" tests="1" failures="0" timestamp="26 May 2020 04:51:40 GMT" time="127.697" errors="0">
  <testcase name="getExcel" time="127.697" classname="DataDrivenFramework.TutorialsPointDD"/>
</testsuite> <!-- DataDrivenFramework.TutorialsPointDD -->
