<?xml version="1.0" encoding="UTF-8"?>
<!-- Generated by org.testng.reporters.JUnitReportReporter -->
<testsuite skipped="0" hostname="User-PC" name="SDETAutomation.ResizingJuery" tests="1" failures="0" timestamp="22 May 2020 05:35:01 GMT" time="11.053" errors="0">
  <testcase name="resizeExample" time="11.053" classname="SDETAutomation.ResizingJuery"/>
</testsuite> <!-- SDETAutomation.ResizingJuery -->
