<?xml version="1.0" encoding="UTF-8"?>
<!-- Generated by org.testng.reporters.JUnitReportReporter -->
<testsuite skipped="0" hostname="User-PC" name="AutomationPractice.FileUploadPopup" tests="1" failures="0" timestamp="25 Apr 2020 05:49:07 GMT" time="28.213" errors="0">
  <testcase name="fileUploadExample" time="28.213" classname="AutomationPractice.FileUploadPopup"/>
</testsuite> <!-- AutomationPractice.FileUploadPopup -->
