<?xml version="1.0" encoding="UTF-8"?>
<!-- Generated by org.testng.reporters.JUnitReportReporter -->
<testsuite skipped="0" hostname="User-PC" name="NaveenAutomation.MouseHover" tests="1" failures="0" timestamp="17 Mar 2020 06:15:30 GMT" time="15.489" errors="0">
  <testcase name="handleFileUpload" time="15.489" classname="NaveenAutomation.MouseHover"/>
</testsuite> <!-- NaveenAutomation.MouseHover -->
