<?xml version="1.0" encoding="UTF-8"?>
<!-- Generated by org.testng.reporters.JUnitReportReporter -->
<testsuite skipped="0" hostname="User-PC" name="AutomationPractice.Log4jGoogle" tests="1" failures="0" timestamp="12 May 2020 09:38:51 GMT" time="13.127" errors="0">
  <testcase name="takeScreenshot" time="13.127" classname="AutomationPractice.Log4jGoogle"/>
</testsuite> <!-- AutomationPractice.Log4jGoogle -->
