<?xml version="1.0" encoding="UTF-8"?>
<!-- Generated by org.testng.reporters.JUnitReportReporter -->
<testsuite skipped="0" hostname="User-PC" name="TestNGFramework.ParametersExample" tests="1" failures="0" timestamp="14 May 2020 06:48:10 GMT" time="0.014" errors="0">
  <testcase name="test1" time="0.014" classname="TestNGFramework.ParametersExample"/>
</testsuite> <!-- TestNGFramework.ParametersExample -->
