<?xml version="1.0" encoding="UTF-8"?>
<!-- Generated by org.testng.reporters.JUnitReportReporter -->
<testsuite skipped="0" hostname="User-PC" name="TestNGFramework.S2Parameterization" tests="1" failures="0" timestamp="27 Apr 2020 05:57:57 GMT" time="11.158" errors="0">
  <testcase name="loginpage" time="11.158" classname="TestNGFramework.S2Parameterization"/>
</testsuite> <!-- TestNGFramework.S2Parameterization -->
