<?xml version="1.0" encoding="UTF-8"?>
<!-- Generated by org.testng.reporters.JUnitReportReporter -->
<testsuite skipped="0" hostname="User-PC" name="AutomationPractice.VerifyDropDownData" tests="1" failures="0" timestamp="27 May 2020 13:55:48 GMT" time="7.819" errors="0">
  <testcase name="alertExample" time="7.819" classname="AutomationPractice.VerifyDropDownData"/>
</testsuite> <!-- AutomationPractice.VerifyDropDownData -->
