<?xml version="1.0" encoding="UTF-8"?>
<!-- Generated by org.testng.reporters.JUnitReportReporter -->
<testsuite skipped="0" hostname="User-PC" name="AutomationPractice.HighlightElement" tests="1" failures="0" timestamp="26 Apr 2020 13:59:53 GMT" time="24.899" errors="0">
  <testcase name="highlight" time="24.899" classname="AutomationPractice.HighlightElement"/>
</testsuite> <!-- AutomationPractice.HighlightElement -->
