<?xml version="1.0" encoding="UTF-8"?>
<!-- Generated by org.testng.reporters.JUnitReportReporter -->
<testsuite skipped="0" hostname="User-PC" name="NaveenAutomation.WindowPopUpArrayList" tests="1" failures="0" timestamp="17 Mar 2020 10:52:23 GMT" time="11.508" errors="0">
  <testcase name="windowPopup" time="11.508" classname="NaveenAutomation.WindowPopUpArrayList"/>
</testsuite> <!-- NaveenAutomation.WindowPopUpArrayList -->
