<?xml version="1.0" encoding="UTF-8"?>
<!-- Generated by org.testng.reporters.JUnitReportReporter -->
<testsuite skipped="0" hostname="User-PC" name="TestUtils.BookUKTest" tests="1" failures="0" timestamp="07 Apr 2020 12:07:44 GMT" time="11.483" errors="0">
  <testcase name="verifyHomePageTest" time="11.483" classname="TestUtils.BookUKTest"/>
</testsuite> <!-- TestUtils.BookUKTest -->
