<?xml version="1.0" encoding="UTF-8"?>
<!-- Generated by org.testng.reporters.JUnitReportReporter -->
<testsuite skipped="0" hostname="User-PC" name="AutomationPractice.JqueryDropDownSorting" tests="1" failures="0" timestamp="27 May 2020 11:48:16 GMT" time="8.224" errors="0">
  <testcase name="drpDownSorting" time="8.224" classname="AutomationPractice.JqueryDropDownSorting"/>
</testsuite> <!-- AutomationPractice.JqueryDropDownSorting -->
