<?xml version="1.0" encoding="UTF-8"?>
<!-- Generated by org.testng.reporters.JUnitReportReporter -->
<testsuite skipped="0" hostname="User-PC" name="PracticeSession.FileUploadHTMLCom" tests="1" failures="0" timestamp="17 Aug 2020 13:18:28 GMT" time="91.656" errors="0">
  <testcase name="fileUploadExample" time="91.656" classname="PracticeSession.FileUploadHTMLCom"/>
</testsuite> <!-- PracticeSession.FileUploadHTMLCom -->
