<?xml version="1.0" encoding="UTF-8"?>
<!-- Generated by org.testng.reporters.JUnitReportReporter -->
<testsuite skipped="0" hostname="User-PC" name="DemoQAPractice.DropDownSorting" tests="1" failures="0" timestamp="03 Jun 2020 06:38:30 GMT" time="8.647" errors="0">
  <testcase name="sortDropDown" time="8.647" classname="DemoQAPractice.DropDownSorting"/>
</testsuite> <!-- DemoQAPractice.DropDownSorting -->
