<?xml version="1.0" encoding="UTF-8"?>
<!-- Generated by org.testng.reporters.JUnitReportReporter -->
<testsuite skipped="0" hostname="User-PC" name="LetsCodeITPractice.RadioBtnExample" tests="1" failures="0" timestamp="12 Apr 2020 14:45:38 GMT" time="22.725" errors="0">
  <testcase name="radioBtn" time="22.725" classname="LetsCodeITPractice.RadioBtnExample"/>
</testsuite> <!-- LetsCodeITPractice.RadioBtnExample -->
