<?xml version="1.0" encoding="UTF-8"?>
<!-- Generated by org.testng.reporters.JUnitReportReporter -->
<testsuite skipped="0" hostname="User-PC" name="PracticeSession.DragNDropJquery" tests="1" failures="0" timestamp="17 Aug 2020 12:43:49 GMT" time="42.121" errors="0">
  <testcase name="dragNDropExample" time="42.121" classname="PracticeSession.DragNDropJquery"/>
</testsuite> <!-- PracticeSession.DragNDropJquery -->
