<?xml version="1.0" encoding="UTF-8"?>
<!-- Generated by org.testng.reporters.JUnitReportReporter -->
<testsuite skipped="0" hostname="User-PC" name="PracticeSession.EnterTextWithoutSendkeys" tests="1" failures="0" timestamp="27 Aug 2020 04:53:21 GMT" time="16.082" errors="0">
  <testcase name="enterText" time="16.082" classname="PracticeSession.EnterTextWithoutSendkeys"/>
</testsuite> <!-- PracticeSession.EnterTextWithoutSendkeys -->
