<?xml version="1.0" encoding="UTF-8"?>
<!-- Generated by org.testng.reporters.JUnitReportReporter -->
<testsuite skipped="0" hostname="User-PC" name="PracticeSession.SliderJquery" tests="1" failures="0" timestamp="17 Aug 2020 12:52:50 GMT" time="29.717" errors="0">
  <testcase name="sliderExample" time="29.717" classname="PracticeSession.SliderJquery"/>
</testsuite> <!-- PracticeSession.SliderJquery -->
