<?xml version="1.0" encoding="UTF-8"?>
<!-- Generated by org.testng.reporters.JUnitReportReporter -->
<testsuite skipped="0" hostname="User-PC" name="Tests.OrangeHRMUserPageTest" tests="1" failures="0" timestamp="29 Mar 2020 13:04:51 GMT" time="3.889" errors="0">
  <testcase name="homePageTest" time="3.889" classname="Tests.OrangeHRMUserPageTest"/>
</testsuite> <!-- Tests.OrangeHRMUserPageTest -->
