<?xml version="1.0" encoding="UTF-8"?>
<!-- Generated by org.testng.reporters.JUnitReportReporter -->
<testsuite skipped="0" hostname="User-PC" name="SDETAutomation.PaginationDemo" tests="1" failures="0" timestamp="22 May 2020 08:56:00 GMT" time="15.978" errors="0">
  <testcase name="paginationExample" time="15.978" classname="SDETAutomation.PaginationDemo"/>
</testsuite> <!-- SDETAutomation.PaginationDemo -->
