<?xml version="1.0" encoding="UTF-8"?>
<!-- Generated by org.testng.reporters.JUnitReportReporter -->
<testsuite skipped="0" hostname="User-PC" name="DemoQAPractice.MultipleSelect" tests="1" failures="0" timestamp="06 Apr 2020 05:11:57 GMT" time="23.238" errors="0">
  <testcase name="executeWindowPopup" time="23.238" classname="DemoQAPractice.MultipleSelect"/>
</testsuite> <!-- DemoQAPractice.MultipleSelect -->
