<?xml version="1.0" encoding="UTF-8"?>
<!-- Generated by org.testng.reporters.JUnitReportReporter -->
<testsuite skipped="0" hostname="User-PC" name="LetsCodeITPractice.WebTableExample" tests="1" failures="0" timestamp="13 Apr 2020 06:23:22 GMT" time="11.393" errors="0">
  <testcase name="webTable" time="11.393" classname="LetsCodeITPractice.WebTableExample"/>
</testsuite> <!-- LetsCodeITPractice.WebTableExample -->
