<?xml version="1.0" encoding="UTF-8"?>
<!-- Generated by org.testng.reporters.JUnitReportReporter -->
<testsuite skipped="0" hostname="User-PC" name="SDETAutomation.PrintRowsAndCols" tests="1" failures="0" timestamp="22 Apr 2020 05:17:07 GMT" time="5.851" errors="0">
  <testcase name="handleWebTable" time="5.851" classname="SDETAutomation.PrintRowsAndCols"/>
</testsuite> <!-- SDETAutomation.PrintRowsAndCols -->
