<?xml version="1.0" encoding="UTF-8"?>
<!-- Generated by org.testng.reporters.JUnitReportReporter -->
<testsuite skipped="0" hostname="User-PC" name="AutomationPractice.CurrentDateNTime" tests="1" failures="0" timestamp="26 Apr 2020 04:58:23 GMT" time="0.037" errors="0">
  <testcase name="dateNTime" time="0.037" classname="AutomationPractice.CurrentDateNTime"/>
</testsuite> <!-- AutomationPractice.CurrentDateNTime -->
