<?xml version="1.0" encoding="UTF-8"?>
<!-- Generated by org.testng.reporters.JUnitReportReporter -->
<testsuite skipped="0" hostname="User-PC" name="TestNGFramework.GroupingExample" tests="4" failures="0" timestamp="14 May 2020 06:10:36 GMT" time="0.016" errors="0">
  <testcase name="test2" time="0.002" classname="TestNGFramework.GroupingExample"/>
  <testcase name="test4" time="0.002" classname="TestNGFramework.GroupingExample"/>
  <testcase name="test3" time="0.002" classname="TestNGFramework.GroupingExample"/>
  <testcase name="test1" time="0.010" classname="TestNGFramework.GroupingExample"/>
</testsuite> <!-- TestNGFramework.GroupingExample -->
