<?xml version="1.0" encoding="UTF-8"?>
<!-- Generated by org.testng.reporters.JUnitReportReporter -->
<testsuite skipped="0" hostname="User-PC" name="TestNGFramework.DPS2LoginPage" tests="2" failures="0" timestamp="27 Apr 2020 05:03:34 GMT" time="18.534" errors="0">
  <testcase name="loginpage" time="7.743" classname="TestNGFramework.DPS2LoginPage"/>
  <testcase name="loginpage" time="10.791" classname="TestNGFramework.DPS2LoginPage"/>
</testsuite> <!-- TestNGFramework.DPS2LoginPage -->
