<?xml version="1.0" encoding="UTF-8"?>
<!-- Generated by org.testng.reporters.JUnitReportReporter -->
<testsuite skipped="0" hostname="User-PC" name="DataDrivenFramework.MoneyControlDD" tests="1" failures="0" timestamp="29 Apr 2020 11:39:00 GMT" time="81.113" errors="0">
  <testcase name="getExcel" time="81.113" classname="DataDrivenFramework.MoneyControlDD"/>
</testsuite> <!-- DataDrivenFramework.MoneyControlDD -->
