<?xml version="1.0" encoding="UTF-8"?>
<!-- Generated by org.testng.reporters.JUnitReportReporter -->
<testsuite skipped="0" hostname="User-PC" name="DemoQAPractice.IframeExample" tests="1" failures="0" timestamp="05 Apr 2020 13:38:44 GMT" time="79.887" errors="0">
  <testcase name="executeWindowPopup" time="79.887" classname="DemoQAPractice.IframeExample"/>
</testsuite> <!-- DemoQAPractice.IframeExample -->
