<?xml version="1.0" encoding="UTF-8"?>
<!-- Generated by org.testng.reporters.JUnitReportReporter -->
<testsuite skipped="0" hostname="User-PC" name="DemoQAPractice.WebTableExample" tests="1" failures="0" timestamp="04 Apr 2020 05:54:06 GMT" time="13.918" errors="0">
  <testcase name="executeWebTable" time="13.918" classname="DemoQAPractice.WebTableExample"/>
</testsuite> <!-- DemoQAPractice.WebTableExample -->
