<?xml version="1.0" encoding="UTF-8"?>
<!-- Generated by org.testng.reporters.JUnitReportReporter -->
<testsuite skipped="0" hostname="User-PC" name="TestNGFramework.ReadExcel" tests="1" failures="0" timestamp="25 May 2020 12:15:34 GMT" time="0.899" errors="0">
  <testcase name="getExcel" time="0.899" classname="TestNGFramework.ReadExcel"/>
</testsuite> <!-- TestNGFramework.ReadExcel -->
