<?xml version="1.0" encoding="UTF-8"?>
<!-- Generated by org.testng.reporters.JUnitReportReporter -->
<testsuite skipped="0" hostname="User-PC" name="SDETAutomation.DatePicker" tests="1" failures="0" timestamp="04 May 2021 10:16:05 GMT" time="15.718" errors="0">
  <testcase name="handleDatePicker" time="15.718" classname="SDETAutomation.DatePicker"/>
</testsuite> <!-- SDETAutomation.DatePicker -->
