<?xml version="1.0" encoding="UTF-8"?>
<!-- Generated by org.testng.reporters.JUnitReportReporter -->
<testsuite skipped="0" hostname="User-PC" name="AutomationPractice.WordpressWebTable" tests="1" failures="0" timestamp="02 Jun 2020 10:27:58 GMT" time="11.371" errors="0">
  <testcase name="webtableExample" time="11.371" classname="AutomationPractice.WordpressWebTable"/>
</testsuite> <!-- AutomationPractice.WordpressWebTable -->
