<?xml version="1.0" encoding="UTF-8"?>
<!-- Generated by org.testng.reporters.JUnitReportReporter -->
<testsuite skipped="0" hostname="User-PC" name="NaveenAutomation.DatePickerExample" tests="1" failures="0" timestamp="27 Mar 2020 13:28:44 GMT" time="10.545" errors="0">
  <testcase name="handleAlert" time="10.545" classname="NaveenAutomation.DatePickerExample"/>
</testsuite> <!-- NaveenAutomation.DatePickerExample -->
