<?xml version="1.0" encoding="UTF-8"?>
<!-- Generated by org.testng.reporters.JUnitReportReporter -->
<testsuite skipped="0" hostname="User-PC" name="AutomationPractice.ATDemoWebTable" tests="1" failures="0" timestamp="02 Jun 2020 11:07:06 GMT" time="92.238" errors="0">
  <testcase name="webtableDemo" time="92.238" classname="AutomationPractice.ATDemoWebTable"/>
</testsuite> <!-- AutomationPractice.ATDemoWebTable -->
