<?xml version="1.0" encoding="UTF-8"?>
<!-- Generated by org.testng.reporters.JUnitReportReporter -->
<testsuite skipped="0" hostname="User-PC" name="LetsCodeITPractice.DropDownExample" tests="1" failures="0" timestamp="12 Apr 2020 15:02:58 GMT" time="12.963" errors="0">
  <testcase name="dropDown" time="12.963" classname="LetsCodeITPractice.DropDownExample"/>
</testsuite> <!-- LetsCodeITPractice.DropDownExample -->
