<?xml version="1.0" encoding="UTF-8"?>
<!-- Generated by org.testng.reporters.JUnitReportReporter -->
<testsuite skipped="0" hostname="User-PC" name="SampleAPI.TC01_GET_Weather_REQ" tests="1" failures="0" timestamp="25 Sep 2020 11:35:55 GMT" time="3.030" errors="0">
  <testcase name="getWeatherReqDetails" time="3.030" classname="SampleAPI.TC01_GET_Weather_REQ"/>
</testsuite> <!-- SampleAPI.TC01_GET_Weather_REQ -->
