<?xml version="1.0" encoding="UTF-8"?>
<!-- Generated by org.testng.reporters.JUnitReportReporter -->
<testsuite skipped="0" hostname="User-PC" name="tests.LoginPageTest" tests="2" failures="0" timestamp="26 Jul 2021 06:59:37 GMT" time="54.665" errors="0">
  <testcase name="login" time="30.676" classname="tests.LoginPageTest"/>
  <testcase name="login" time="23.989" classname="tests.LoginPageTest"/>
</testsuite> <!-- tests.LoginPageTest -->
