<?xml version="1.0" encoding="UTF-8"?>
<!-- Generated by org.testng.reporters.JUnitReportReporter -->
<testsuite skipped="0" hostname="User-PC" name="tests.RegisterTest" tests="1" failures="0" timestamp="26 Jul 2021 12:44:34 GMT" time="23.522" errors="0">
  <testcase name="registerTest" time="23.522" classname="tests.RegisterTest"/>
</testsuite> <!-- tests.RegisterTest -->
