<?xml version="1.0" encoding="UTF-8"?>
<!-- Generated by org.testng.reporters.JUnitReportReporter -->
<testsuite skipped="0" hostname="User-PC" name="PracticeSession.MultipleWindowsForLoop" tests="1" failures="0" timestamp="15 Jun 2021 05:53:31 GMT" time="32.048" errors="0">
  <testcase name="multipleWindow" time="32.048" classname="PracticeSession.MultipleWindowsForLoop"/>
</testsuite> <!-- PracticeSession.MultipleWindowsForLoop -->
