<?xml version="1.0" encoding="UTF-8"?>
<!-- Generated by org.testng.reporters.JUnitReportReporter -->
<testsuite skipped="0" hostname="User-PC" name="PracticeSession.MultipleSelect" tests="1" failures="0" timestamp="11 Jun 2021 06:16:58 GMT" time="11.514" errors="0">
  <testcase name="executeWindowPopup" time="11.514" classname="PracticeSession.MultipleSelect"/>
</testsuite> <!-- PracticeSession.MultipleSelect -->
