<?xml version="1.0" encoding="UTF-8"?>
<!-- Generated by org.testng.reporters.JUnitReportReporter -->
<testsuite skipped="0" hostname="User-PC" name="PracticeSession.IndeedWindowPopup" tests="1" failures="0" timestamp="11 Jun 2021 11:28:17 GMT" time="15.327" errors="0">
  <testcase name="executeWindowPopup" time="15.327" classname="PracticeSession.IndeedWindowPopup"/>
</testsuite> <!-- PracticeSession.IndeedWindowPopup -->
