<?xml version="1.0" encoding="UTF-8"?>
<!-- Generated by org.testng.reporters.JUnitReportReporter -->
<testsuite skipped="0" hostname="User-PC" name="DataDrivenFramework.MoneyControlDD" tests="1" failures="0" timestamp="17 Jun 2021 05:14:54 GMT" time="62.674" errors="0">
  <testcase name="getExcel" time="62.674" classname="DataDrivenFramework.MoneyControlDD"/>
</testsuite> <!-- DataDrivenFramework.MoneyControlDD -->
