<?xml version="1.0" encoding="UTF-8"?>
<!-- Generated by org.testng.reporters.JUnitReportReporter -->
<testsuite skipped="0" hostname="User-PC" name="PracticeSession.AlertExample" tests="1" failures="0" timestamp="08 Jun 2021 06:00:05 GMT" time="18.436" errors="0">
  <testcase name="handleAlert" time="18.436" classname="PracticeSession.AlertExample"/>
</testsuite> <!-- PracticeSession.AlertExample -->
