<?xml version="1.0" encoding="UTF-8"?>
<!-- Generated by org.testng.reporters.JUnitReportReporter -->
<testsuite skipped="0" hostname="User-PC" name="PracticeSession.WebTableRowsNCols" tests="1" failures="0" timestamp="11 Jun 2021 10:34:47 GMT" time="32.494" errors="0">
  <testcase name="webtableRowsColsCount" time="32.494" classname="PracticeSession.WebTableRowsNCols"/>
</testsuite> <!-- PracticeSession.WebTableRowsNCols -->
