<?xml version="1.0" encoding="UTF-8"?>
<!-- Generated by org.testng.reporters.JUnitReportReporter -->
<testsuite skipped="0" hostname="User-PC" name="PracticeSession.DropDownSortBlogspot" tests="1" failures="0" timestamp="12 Jun 2021 05:20:45 GMT" time="20.028" errors="0">
  <testcase name="sortDropDownExample" time="20.028" classname="PracticeSession.DropDownSortBlogspot"/>
</testsuite> <!-- PracticeSession.DropDownSortBlogspot -->
