<?xml version="1.0" encoding="UTF-8"?>
<!-- Generated by org.testng.reporters.JUnitReportReporter -->
<testsuite skipped="0" hostname="User-PC" name="PracticeSession.VerifyDropDownData" tests="1" failures="0" timestamp="10 Jun 2021 06:26:26 GMT" time="40.863" errors="0">
  <testcase name="verifyDrpDownData" time="40.863" classname="PracticeSession.VerifyDropDownData"/>
</testsuite> <!-- PracticeSession.VerifyDropDownData -->
