<?xml version="1.0" encoding="UTF-8"?>
<!-- Generated by org.testng.reporters.JUnitReportReporter -->
<testsuite skipped="0" hostname="User-PC" name="HybridDrivenFramework.PHPTravelsExecution" tests="1" failures="0" timestamp="18 Jun 2021 12:43:05 GMT" time="18.427" errors="0">
  <testcase name="execute" time="18.427" classname="HybridDrivenFramework.PHPTravelsExecution"/>
</testsuite> <!-- HybridDrivenFramework.PHPTravelsExecution -->
