<?xml version="1.0" encoding="UTF-8"?>
<!-- Generated by org.testng.reporters.JUnitReportReporter -->
<testsuite skipped="0" hostname="User-PC" name="PracticeSession.FileUploadPopup" tests="1" failures="0" timestamp="08 Jun 2021 11:10:51 GMT" time="13.610" errors="0">
  <testcase name="fileUploadExample" time="13.610" classname="PracticeSession.FileUploadPopup"/>
</testsuite> <!-- PracticeSession.FileUploadPopup -->
