<?xml version="1.0" encoding="UTF-8"?>
<!-- Generated by org.testng.reporters.JUnitReportReporter -->
<testsuite skipped="0" hostname="User-PC" name="PracticeSession.VerifyDropDownEle" tests="1" failures="0" timestamp="09 Jun 2021 11:27:32 GMT" time="7.679" errors="0">
  <testcase name="drpDownVerification" time="7.679" classname="PracticeSession.VerifyDropDownEle"/>
</testsuite> <!-- PracticeSession.VerifyDropDownEle -->
