<?xml version="1.0" encoding="UTF-8"?>
<!-- Generated by org.testng.reporters.JUnitReportReporter -->
<testsuite skipped="0" hostname="User-PC" name="PracticeSession.GoogleScreenshot" tests="1" failures="0" timestamp="09 Jun 2021 04:20:01 GMT" time="8.459" errors="0">
  <testcase name="takeScreenshot" time="8.459" classname="PracticeSession.GoogleScreenshot"/>
</testsuite> <!-- PracticeSession.GoogleScreenshot -->
