<?xml version="1.0" encoding="UTF-8"?>
<!-- Generated by org.testng.reporters.JUnitReportReporter -->
<testsuite skipped="0" hostname="User-PC" name="PracticeSession.OrangeHRMWebTable" tests="1" failures="0" timestamp="11 Jun 2021 07:11:31 GMT" time="35.503" errors="0">
  <testcase name="handleWebTable" time="35.503" classname="PracticeSession.OrangeHRMWebTable"/>
</testsuite> <!-- PracticeSession.OrangeHRMWebTable -->
