<?xml version="1.0" encoding="UTF-8"?>
<!-- Generated by org.testng.reporters.JUnitReportReporter -->
<testsuite skipped="0" hostname="User-PC" name="PracticeSession.BootstrapDynamicWebtable" tests="1" failures="0" timestamp="10 Jun 2021 10:49:48 GMT" time="234.202" errors="0">
  <testcase name="dynamicTable" time="234.202" classname="PracticeSession.BootstrapDynamicWebtable"/>
</testsuite> <!-- PracticeSession.BootstrapDynamicWebtable -->
