<?xml version="1.0" encoding="UTF-8"?>
<!-- Generated by org.testng.reporters.JUnitReportReporter -->
<testsuite skipped="0" hostname="User-PC" name="PracticeSession.JqueryDatePicker" tests="1" failures="0" timestamp="11 Jun 2021 06:04:45 GMT" time="10.249" errors="0">
  <testcase name="datePicker" time="10.249" classname="PracticeSession.JqueryDatePicker"/>
</testsuite> <!-- PracticeSession.JqueryDatePicker -->
