<?xml version="1.0" encoding="UTF-8"?>
<!-- Generated by org.testng.reporters.JUnitReportReporter -->
<testsuite skipped="0" hostname="User-PC" name="PracticeSession.JqueryDragNDrop" tests="1" failures="0" timestamp="08 Jun 2021 10:48:19 GMT" time="23.824" errors="0">
  <testcase name="dragNDrop" time="23.824" classname="PracticeSession.JqueryDragNDrop"/>
</testsuite> <!-- PracticeSession.JqueryDragNDrop -->
