<?xml version="1.0" encoding="UTF-8"?>
<!-- Generated by org.testng.reporters.JUnitReportReporter -->
<testsuite skipped="0" hostname="User-PC" name="PracticeSession.TestPracticeDropDownSort" tests="1" failures="0" timestamp="09 Jun 2021 11:09:39 GMT" time="28.255" errors="0">
  <testcase name="sortDropDown" time="28.255" classname="PracticeSession.TestPracticeDropDownSort"/>
</testsuite> <!-- PracticeSession.TestPracticeDropDownSort -->
