<?xml version="1.0" encoding="UTF-8"?>
<!-- Generated by org.testng.reporters.JUnitReportReporter -->
<testsuite skipped="0" hostname="User-PC" name="KeywordDrivenFramework.DemoRegisterExecution" tests="1" failures="0" timestamp="18 Jun 2021 06:04:02 GMT" time="37.037" errors="0">
  <testcase name="execute" time="37.037" classname="KeywordDrivenFramework.DemoRegisterExecution"/>
</testsuite> <!-- KeywordDrivenFramework.DemoRegisterExecution -->
