<?xml version="1.0" encoding="UTF-8"?>
<!-- Generated by org.testng.reporters.JUnitReportReporter -->
<testsuite skipped="0" hostname="User-PC" name="PracticeSession.DynamicWebtableOrangeHRM" tests="1" failures="0" timestamp="15 Jun 2021 05:45:51 GMT" time="17.638" errors="0">
  <testcase name="dynamicWebTable" time="17.638" classname="PracticeSession.DynamicWebtableOrangeHRM"/>
</testsuite> <!-- PracticeSession.DynamicWebtableOrangeHRM -->
